This is pdfTeXk, Version 3.141592-1.40.3 (Web2C 7.5.6) (format=latex 2010.8.28)  31 AUG 2010 20:34
entering extended mode
 %&-line parsing enabled.
**./images.tex
(./images.tex
LaTeX2e <2005/12/01>
Babel <v3.8h> and hyphenation patterns for english, usenglishmax, dumylang, noh
yphenation, arabic, basque, bulgarian, coptic, welsh, czech, slovak, german, ng
erman, danish, esperanto, spanish, catalan, galician, estonian, farsi, finnish,
 french, greek, monogreek, ancientgreek, croatian, hungarian, interlingua, ibyc
us, indonesian, icelandic, italian, latin, mongolian, dutch, norsk, polish, por
tuguese, pinyin, romanian, russian, slovenian, uppersorbian, serbian, swedish, 
turkish, ukenglish, ukrainian, loaded.

(/usr/share/texmf/tex/latex/base/report.cls
Document Class: report 2005/09/16 v1.4f Standard LaTeX document class
(/usr/share/texmf/tex/latex/base/size10.clo
File: size10.clo 2005/09/16 v1.4f Standard LaTeX file (size option)
)
\c@part=\count79
\c@chapter=\count80
\c@section=\count81
\c@subsection=\count82
\c@subsubsection=\count83
\c@paragraph=\count84
\c@subparagraph=\count85
\c@figure=\count86
\c@table=\count87
\abovecaptionskip=\skip41
\belowcaptionskip=\skip42
\bibindent=\dimen102
) (/usr/share/texmf/tex/latex/base/ifthen.sty
Package: ifthen 2001/05/26 v1.1c Standard LaTeX ifthen package (DPC)
)

! LaTeX Error: File `some.sty' not found.

Type X to quit or <RETURN> to proceed,
or enter new name. (Default extension: sty)

Enter file name: 
! Emergency stop.
<read *> 
         
l.7 ^^M
       
*** (cannot \read from terminal in nonstop modes)

 
Here is how much of TeX's memory you used:
 266 strings out of 256217
 2765 string characters out of 1917095
 48804 words of memory out of 1500000
 3638 multiletter control sequences out of 10000+200000
 3640 words of font info for 14 fonts, out of 1200000 for 2000
 645 hyphenation exceptions out of 8191
 23i,0n,17p,147b,36s stack positions out of 5000i,500n,6000p,200000b,15000s
No pages of output.
