This file contains any messages produced by compilers while
running configure, to aid debugging if configure makes a mistake.

It was created by mentohust configure 0.3.1, which was
generated by GNU Autoconf 2.63.  Invocation command line was

  $ ./configure 

## --------- ##
## Platform. ##
## --------- ##

hostname = nuoaila
uname -m = i686
uname -r = 2.6.30.10-105.2.23.fc11.i586
uname -s = Linux
uname -v = #1 SMP Thu Feb 11 06:51:26 UTC 2010

/usr/bin/uname -p = unknown
/bin/uname -X     = unknown

/bin/arch              = i686
/usr/bin/arch -k       = unknown
/usr/convex/getsysinfo = unknown
/usr/bin/hostinfo      = unknown
/bin/machine           = unknown
/usr/bin/oslevel       = unknown
/bin/universe          = unknown

PATH: /home/scr/bin
PATH: /home/scr/bin
PATH: /usr/lib/qt-3.3/bin
PATH: /usr/kerberos/sbin
PATH: /usr/kerberos/bin
PATH: /usr/lib/ccache
PATH: /usr/local/bin
PATH: /usr/bin
PATH: /bin
PATH: /usr/local/sbin
PATH: /usr/sbin
PATH: /sbin
PATH: /usr/lib/jvm/java-1.6.0-openjdk-1.6.0.0/bin
PATH: /usr/lib/jvm/java-1.6.0-openjdk-1.6.0.0/jre/bin
PATH: /usr/bin
PATH: /sbin
PATH: /home/scr/bin
PATH: /usr/bin
PATH: /sbin


## ----------- ##
## Core tests. ##
## ----------- ##

configure:1926: checking build system type
configure:1944: result: i686-pc-linux-gnu
configure:1966: checking host system type
configure:1981: result: i686-pc-linux-gnu
configure:2019: checking for a BSD-compatible install
configure:2087: result: /usr/bin/install -c
configure:2098: checking whether build environment is sane
configure:2158: result: yes
configure:2299: checking for a thread-safe mkdir -p
configure:2338: result: /bin/mkdir -p
configure:2351: checking for gawk
configure:2367: found /usr/bin/gawk
configure:2378: result: gawk
configure:2389: checking whether make sets $(MAKE)
configure:2411: result: yes
configure:2571: checking for gcc
configure:2587: found /usr/lib/ccache/gcc
configure:2598: result: gcc
configure:2830: checking for C compiler version
configure:2838: gcc --version >&5
gcc (GCC) 4.4.1 20090725 (Red Hat 4.4.1-2)
Copyright (C) 2009 Free Software Foundation, Inc.
This is free software; see the source for copying conditions.  There is NO
warranty; not even for MERCHANTABILITY or FITNESS FOR A PARTICULAR PURPOSE.

configure:2842: $? = 0
configure:2849: gcc -v >&5
Using built-in specs.
Target: i586-redhat-linux
Configured with: ../configure --prefix=/usr --mandir=/usr/share/man --infodir=/usr/share/info --with-bugurl=http://bugzilla.redhat.com/bugzilla --enable-bootstrap --enable-shared --enable-threads=posix --enable-checking=release --with-system-zlib --enable-__cxa_atexit --disable-libunwind-exceptions --enable-languages=c,c++,objc,obj-c++,java,fortran,ada --enable-java-awt=gtk --disable-dssi --enable-plugin --with-java-home=/usr/lib/jvm/java-1.5.0-gcj-1.5.0.0/jre --enable-libgcj-multifile --enable-java-maintainer-mode --with-ecj-jar=/usr/share/java/eclipse-ecj.jar --disable-libjava-multilib --with-ppl --with-cloog --with-tune=generic --with-arch=i586 --build=i586-redhat-linux
Thread model: posix
gcc version 4.4.1 20090725 (Red Hat 4.4.1-2) (GCC) 
configure:2853: $? = 0
configure:2860: gcc -V >&5
gcc: '-V' option must have argument
configure:2864: $? = 1
configure:2887: checking for C compiler default output file name
configure:2909: gcc  -Os -Wall   conftest.c  >&5
configure:2913: $? = 0
configure:2951: result: a.out
configure:2970: checking whether the C compiler works
configure:2980: ./a.out
configure:2984: $? = 0
configure:3003: result: yes
configure:3010: checking whether we are cross compiling
configure:3012: result: no
configure:3015: checking for suffix of executables
configure:3022: gcc -o conftest  -Os -Wall   conftest.c  >&5
configure:3026: $? = 0
configure:3052: result: 
configure:3058: checking for suffix of object files
configure:3084: gcc -c  -Os -Wall  conftest.c >&5
configure:3088: $? = 0
configure:3113: result: o
configure:3117: checking whether we are using the GNU C compiler
configure:3146: gcc -c  -Os -Wall  conftest.c >&5
configure:3153: $? = 0
configure:3170: result: yes
configure:3179: checking whether gcc accepts -g
configure:3209: gcc -c -g  conftest.c >&5
configure:3216: $? = 0
configure:3317: result: yes
configure:3334: checking for gcc option to accept ISO C89
configure:3408: gcc  -c  -Os -Wall  conftest.c >&5
configure:3415: $? = 0
configure:3438: result: none needed
configure:3467: checking for style of include used by make
configure:3495: result: GNU
configure:3520: checking dependency style of gcc
configure:3630: result: gcc3
configure:3651: checking how to run the C preprocessor
configure:3691: gcc -E  conftest.c
configure:3698: $? = 0
configure:3729: gcc -E  conftest.c
conftest.c:10:28: error: ac_nonexistent.h: No such file or directory
configure:3736: $? = 1
configure: failed program was:
| /* confdefs.h.  */
| #define PACKAGE_NAME "mentohust"
| #define PACKAGE_TARNAME "mentohust"
| #define PACKAGE_VERSION "0.3.1"
| #define PACKAGE_STRING "mentohust 0.3.1"
| #define PACKAGE_BUGREPORT "http://code.google.com/p/mentohust/issues/list"
| #define PACKAGE "mentohust"
| #define VERSION "0.3.1"
| /* end confdefs.h.  */
| #include <ac_nonexistent.h>
configure:3769: result: gcc -E
configure:3798: gcc -E  conftest.c
configure:3805: $? = 0
configure:3836: gcc -E  conftest.c
conftest.c:10:28: error: ac_nonexistent.h: No such file or directory
configure:3843: $? = 1
configure: failed program was:
| /* confdefs.h.  */
| #define PACKAGE_NAME "mentohust"
| #define PACKAGE_TARNAME "mentohust"
| #define PACKAGE_VERSION "0.3.1"
| #define PACKAGE_STRING "mentohust 0.3.1"
| #define PACKAGE_BUGREPORT "http://code.google.com/p/mentohust/issues/list"
| #define PACKAGE "mentohust"
| #define VERSION "0.3.1"
| /* end confdefs.h.  */
| #include <ac_nonexistent.h>
configure:3883: checking for grep that handles long lines and -e
configure:3943: result: /bin/grep
configure:3948: checking for egrep
configure:4012: result: /bin/grep -E
configure:4017: checking for ANSI C header files
configure:4047: gcc -c  -Os -Wall  conftest.c >&5
configure:4054: $? = 0
configure:4153: gcc -o conftest  -Os -Wall   conftest.c  >&5
configure:4157: $? = 0
configure:4163: ./conftest
configure:4167: $? = 0
configure:4185: result: yes
configure:4209: checking for sys/types.h
configure:4230: gcc -c  -Os -Wall  conftest.c >&5
configure:4237: $? = 0
configure:4254: result: yes
configure:4209: checking for sys/stat.h
configure:4230: gcc -c  -Os -Wall  conftest.c >&5
configure:4237: $? = 0
configure:4254: result: yes
configure:4209: checking for stdlib.h
configure:4230: gcc -c  -Os -Wall  conftest.c >&5
configure:4237: $? = 0
configure:4254: result: yes
configure:4209: checking for string.h
configure:4230: gcc -c  -Os -Wall  conftest.c >&5
configure:4237: $? = 0
configure:4254: result: yes
configure:4209: checking for memory.h
configure:4230: gcc -c  -Os -Wall  conftest.c >&5
configure:4237: $? = 0
configure:4254: result: yes
configure:4209: checking for strings.h
configure:4230: gcc -c  -Os -Wall  conftest.c >&5
configure:4237: $? = 0
configure:4254: result: yes
configure:4209: checking for inttypes.h
configure:4230: gcc -c  -Os -Wall  conftest.c >&5
configure:4237: $? = 0
configure:4254: result: yes
configure:4209: checking for stdint.h
configure:4230: gcc -c  -Os -Wall  conftest.c >&5
configure:4237: $? = 0
configure:4254: result: yes
configure:4209: checking for unistd.h
configure:4230: gcc -c  -Os -Wall  conftest.c >&5
configure:4237: $? = 0
configure:4254: result: yes
configure:4269: checking whether byte ordering is bigendian
configure:4294: gcc -c  -Os -Wall  conftest.c >&5
conftest.c:21: error: expected '=', ',', ';', 'asm' or '__attribute__' before 'a'
configure:4301: $? = 1
configure: failed program was:
| /* confdefs.h.  */
| #define PACKAGE_NAME "mentohust"
| #define PACKAGE_TARNAME "mentohust"
| #define PACKAGE_VERSION "0.3.1"
| #define PACKAGE_STRING "mentohust 0.3.1"
| #define PACKAGE_BUGREPORT "http://code.google.com/p/mentohust/issues/list"
| #define PACKAGE "mentohust"
| #define VERSION "0.3.1"
| #define STDC_HEADERS 1
| #define HAVE_SYS_TYPES_H 1
| #define HAVE_SYS_STAT_H 1
| #define HAVE_STDLIB_H 1
| #define HAVE_STRING_H 1
| #define HAVE_MEMORY_H 1
| #define HAVE_STRINGS_H 1
| #define HAVE_INTTYPES_H 1
| #define HAVE_STDINT_H 1
| #define HAVE_UNISTD_H 1
| /* end confdefs.h.  */
| #ifndef __APPLE_CC__
| 	       not a universal capable compiler
| 	     #endif
| 	     typedef int dummy;
| 
configure:4351: gcc -c  -Os -Wall  conftest.c >&5
configure:4358: $? = 0
configure:4390: gcc -c  -Os -Wall  conftest.c >&5
conftest.c: In function 'main':
conftest.c:27: error: 'not' undeclared (first use in this function)
conftest.c:27: error: (Each undeclared identifier is reported only once
conftest.c:27: error: for each function it appears in.)
conftest.c:27: error: expected ';' before 'big'
configure:4397: $? = 1
configure: failed program was:
| /* confdefs.h.  */
| #define PACKAGE_NAME "mentohust"
| #define PACKAGE_TARNAME "mentohust"
| #define PACKAGE_VERSION "0.3.1"
| #define PACKAGE_STRING "mentohust 0.3.1"
| #define PACKAGE_BUGREPORT "http://code.google.com/p/mentohust/issues/list"
| #define PACKAGE "mentohust"
| #define VERSION "0.3.1"
| #define STDC_HEADERS 1
| #define HAVE_SYS_TYPES_H 1
| #define HAVE_SYS_STAT_H 1
| #define HAVE_STDLIB_H 1
| #define HAVE_STRING_H 1
| #define HAVE_MEMORY_H 1
| #define HAVE_STRINGS_H 1
| #define HAVE_INTTYPES_H 1
| #define HAVE_STDINT_H 1
| #define HAVE_UNISTD_H 1
| /* end confdefs.h.  */
| #include <sys/types.h>
| 		#include <sys/param.h>
| 
| int
| main ()
| {
| #if BYTE_ORDER != BIG_ENDIAN
| 		 not big endian
| 		#endif
| 
|   ;
|   return 0;
| }
configure:4649: result: no
configure:4806: checking for dlsym in -ldl
configure:4841: gcc -o conftest  -Os -Wall   conftest.c -ldl   >&5
configure:4848: $? = 0
configure:4869: result: yes
configure:4986: checking for dlsym in -ldl
configure:5049: result: yes
configure:5076: checking whether NLS is requested
configure:5085: result: yes
configure:5126: checking for msgfmt
configure: trying /usr/bin/msgfmt...
0 translated messages.
configure:5158: result: /usr/bin/msgfmt
configure:5167: checking for gmsgfmt
configure:5198: result: /usr/bin/msgfmt
configure:5249: checking for xgettext
configure: trying /usr/bin/xgettext...
/usr/bin/xgettext: warning: file `/dev/null' extension `' is unknown; will try C
configure:5281: result: /usr/bin/xgettext
configure:5327: checking for msgmerge
configure: trying /usr/bin/msgmerge...
configure:5358: result: /usr/bin/msgmerge
configure:5415: checking for ld used by GCC
configure:5479: result: /usr/bin/ld
configure:5488: checking if the linker (/usr/bin/ld) is GNU ld
configure:5501: result: yes
configure:5508: checking for shared library run path origin
configure:5521: result: done
configure:6022: checking for CFPreferencesCopyAppValue
configure:6050: gcc -o conftest  -Os -Wall   conftest.c -ldl -ldl  -Wl,-framework -Wl,CoreFoundation >&5
conftest.c:23:42: error: CoreFoundation/CFPreferences.h: No such file or directory
conftest.c: In function 'main':
conftest.c:27: warning: implicit declaration of function 'CFPreferencesCopyAppValue'
conftest.c:27: error: 'NULL' undeclared (first use in this function)
conftest.c:27: error: (Each undeclared identifier is reported only once
conftest.c:27: error: for each function it appears in.)
configure:6057: $? = 1
configure: failed program was:
| /* confdefs.h.  */
| #define PACKAGE_NAME "mentohust"
| #define PACKAGE_TARNAME "mentohust"
| #define PACKAGE_VERSION "0.3.1"
| #define PACKAGE_STRING "mentohust 0.3.1"
| #define PACKAGE_BUGREPORT "http://code.google.com/p/mentohust/issues/list"
| #define PACKAGE "mentohust"
| #define VERSION "0.3.1"
| #define STDC_HEADERS 1
| #define HAVE_SYS_TYPES_H 1
| #define HAVE_SYS_STAT_H 1
| #define HAVE_STDLIB_H 1
| #define HAVE_STRING_H 1
| #define HAVE_MEMORY_H 1
| #define HAVE_STRINGS_H 1
| #define HAVE_INTTYPES_H 1
| #define HAVE_STDINT_H 1
| #define HAVE_UNISTD_H 1
| #define HAVE_LIBDL 1
| #define HAVE_LIBDL 1
| #define GETTEXT_PACKAGE "mentohust"
| /* end confdefs.h.  */
| #include <CoreFoundation/CFPreferences.h>
| int
| main ()
| {
| CFPreferencesCopyAppValue(NULL, NULL)
|   ;
|   return 0;
| }
configure:6078: result: no
configure:6087: checking for CFLocaleCopyCurrent
configure:6115: gcc -o conftest  -Os -Wall   conftest.c -ldl -ldl  -Wl,-framework -Wl,CoreFoundation >&5
conftest.c:23:37: error: CoreFoundation/CFLocale.h: No such file or directory
conftest.c: In function 'main':
conftest.c:27: warning: implicit declaration of function 'CFLocaleCopyCurrent'
configure:6122: $? = 1
configure: failed program was:
| /* confdefs.h.  */
| #define PACKAGE_NAME "mentohust"
| #define PACKAGE_TARNAME "mentohust"
| #define PACKAGE_VERSION "0.3.1"
| #define PACKAGE_STRING "mentohust 0.3.1"
| #define PACKAGE_BUGREPORT "http://code.google.com/p/mentohust/issues/list"
| #define PACKAGE "mentohust"
| #define VERSION "0.3.1"
| #define STDC_HEADERS 1
| #define HAVE_SYS_TYPES_H 1
| #define HAVE_SYS_STAT_H 1
| #define HAVE_STDLIB_H 1
| #define HAVE_STRING_H 1
| #define HAVE_MEMORY_H 1
| #define HAVE_STRINGS_H 1
| #define HAVE_INTTYPES_H 1
| #define HAVE_STDINT_H 1
| #define HAVE_UNISTD_H 1
| #define HAVE_LIBDL 1
| #define HAVE_LIBDL 1
| #define GETTEXT_PACKAGE "mentohust"
| /* end confdefs.h.  */
| #include <CoreFoundation/CFLocale.h>
| int
| main ()
| {
| CFLocaleCopyCurrent();
|   ;
|   return 0;
| }
configure:6143: result: no
configure:6194: checking for GNU gettext in libc
configure:6224: gcc -o conftest  -Os -Wall   conftest.c -ldl -ldl  >&5
configure:6231: $? = 0
configure:6253: result: yes
configure:7157: checking whether to use NLS
configure:7159: result: yes
configure:7162: checking where the gettext function comes from
configure:7173: result: libc
configure:7265: checking iconv.h usability
configure:7282: gcc -c  -Os -Wall  conftest.c >&5
configure:7289: $? = 0
configure:7303: result: yes
configure:7307: checking iconv.h presence
configure:7322: gcc -E  conftest.c
configure:7329: $? = 0
configure:7343: result: yes
configure:7376: checking for iconv.h
configure:7385: result: yes
configure:7265: checking arpa/inet.h usability
configure:7282: gcc -c  -Os -Wall  conftest.c >&5
configure:7289: $? = 0
configure:7303: result: yes
configure:7307: checking arpa/inet.h presence
configure:7322: gcc -E  conftest.c
configure:7329: $? = 0
configure:7343: result: yes
configure:7376: checking for arpa/inet.h
configure:7385: result: yes
configure:7265: checking fcntl.h usability
configure:7282: gcc -c  -Os -Wall  conftest.c >&5
configure:7289: $? = 0
configure:7303: result: yes
configure:7307: checking fcntl.h presence
configure:7322: gcc -E  conftest.c
configure:7329: $? = 0
configure:7343: result: yes
configure:7376: checking for fcntl.h
configure:7385: result: yes
configure:7265: checking netinet/in.h usability
configure:7282: gcc -c  -Os -Wall  conftest.c >&5
configure:7289: $? = 0
configure:7303: result: yes
configure:7307: checking netinet/in.h presence
configure:7322: gcc -E  conftest.c
configure:7329: $? = 0
configure:7343: result: yes
configure:7376: checking for netinet/in.h
configure:7385: result: yes
configure:7254: checking for stdint.h
configure:7261: result: yes
configure:7254: checking for stdlib.h
configure:7261: result: yes
configure:7254: checking for string.h
configure:7261: result: yes
configure:7265: checking sys/ioctl.h usability
configure:7282: gcc -c  -Os -Wall  conftest.c >&5
configure:7289: $? = 0
configure:7303: result: yes
configure:7307: checking sys/ioctl.h presence
configure:7322: gcc -E  conftest.c
configure:7329: $? = 0
configure:7343: result: yes
configure:7376: checking for sys/ioctl.h
configure:7385: result: yes
configure:7265: checking sys/socket.h usability
configure:7282: gcc -c  -Os -Wall  conftest.c >&5
configure:7289: $? = 0
configure:7303: result: yes
configure:7307: checking sys/socket.h presence
configure:7322: gcc -E  conftest.c
configure:7329: $? = 0
configure:7343: result: yes
configure:7376: checking for sys/socket.h
configure:7385: result: yes
configure:7265: checking sys/time.h usability
configure:7282: gcc -c  -Os -Wall  conftest.c >&5
configure:7289: $? = 0
configure:7303: result: yes
configure:7307: checking sys/time.h presence
configure:7322: gcc -E  conftest.c
configure:7329: $? = 0
configure:7343: result: yes
configure:7376: checking for sys/time.h
configure:7385: result: yes
configure:7254: checking for unistd.h
configure:7261: result: yes
configure:7265: checking libintl.h usability
configure:7282: gcc -c  -Os -Wall  conftest.c >&5
configure:7289: $? = 0
configure:7303: result: yes
configure:7307: checking libintl.h presence
configure:7322: gcc -E  conftest.c
configure:7329: $? = 0
configure:7343: result: yes
configure:7376: checking for libintl.h
configure:7385: result: yes
configure:7265: checking locale.h usability
configure:7282: gcc -c  -Os -Wall  conftest.c >&5
configure:7289: $? = 0
configure:7303: result: yes
configure:7307: checking locale.h presence
configure:7322: gcc -E  conftest.c
configure:7329: $? = 0
configure:7343: result: yes
configure:7376: checking for locale.h
configure:7385: result: yes
configure:7402: checking for size_t
configure:7430: gcc -c  -Os -Wall  conftest.c >&5
configure:7437: $? = 0
configure:7464: gcc -c  -Os -Wall  conftest.c >&5
conftest.c: In function 'main':
conftest.c:75: error: expected expression before ')' token
configure:7471: $? = 1
configure: failed program was:
| /* confdefs.h.  */
| #define PACKAGE_NAME "mentohust"
| #define PACKAGE_TARNAME "mentohust"
| #define PACKAGE_VERSION "0.3.1"
| #define PACKAGE_STRING "mentohust 0.3.1"
| #define PACKAGE_BUGREPORT "http://code.google.com/p/mentohust/issues/list"
| #define PACKAGE "mentohust"
| #define VERSION "0.3.1"
| #define STDC_HEADERS 1
| #define HAVE_SYS_TYPES_H 1
| #define HAVE_SYS_STAT_H 1
| #define HAVE_STDLIB_H 1
| #define HAVE_STRING_H 1
| #define HAVE_MEMORY_H 1
| #define HAVE_STRINGS_H 1
| #define HAVE_INTTYPES_H 1
| #define HAVE_STDINT_H 1
| #define HAVE_UNISTD_H 1
| #define HAVE_LIBDL 1
| #define HAVE_LIBDL 1
| #define GETTEXT_PACKAGE "mentohust"
| #define ENABLE_NLS 1
| #define HAVE_GETTEXT 1
| #define HAVE_DCGETTEXT 1
| #define HAVE_ICONV_H 1
| #define HAVE_ARPA_INET_H 1
| #define HAVE_FCNTL_H 1
| #define HAVE_NETINET_IN_H 1
| #define HAVE_STDINT_H 1
| #define HAVE_STDLIB_H 1
| #define HAVE_STRING_H 1
| #define HAVE_SYS_IOCTL_H 1
| #define HAVE_SYS_SOCKET_H 1
| #define HAVE_SYS_TIME_H 1
| #define HAVE_UNISTD_H 1
| #define HAVE_LIBINTL_H 1
| #define HAVE_LOCALE_H 1
| /* end confdefs.h.  */
| #include <stdio.h>
| #ifdef HAVE_SYS_TYPES_H
| # include <sys/types.h>
| #endif
| #ifdef HAVE_SYS_STAT_H
| # include <sys/stat.h>
| #endif
| #ifdef STDC_HEADERS
| # include <stdlib.h>
| # include <stddef.h>
| #else
| # ifdef HAVE_STDLIB_H
| #  include <stdlib.h>
| # endif
| #endif
| #ifdef HAVE_STRING_H
| # if !defined STDC_HEADERS && defined HAVE_MEMORY_H
| #  include <memory.h>
| # endif
| # include <string.h>
| #endif
| #ifdef HAVE_STRINGS_H
| # include <strings.h>
| #endif
| #ifdef HAVE_INTTYPES_H
| # include <inttypes.h>
| #endif
| #ifdef HAVE_STDINT_H
| # include <stdint.h>
| #endif
| #ifdef HAVE_UNISTD_H
| # include <unistd.h>
| #endif
| int
| main ()
| {
| if (sizeof ((size_t)))
| 	  return 0;
|   ;
|   return 0;
| }
configure:7494: result: yes
configure:7517: checking for atexit
configure:7573: gcc -o conftest  -Os -Wall   conftest.c -ldl -ldl  >&5
configure:7580: $? = 0
configure:7602: result: yes
configure:7517: checking for memmove
configure:7573: gcc -o conftest  -Os -Wall   conftest.c -ldl -ldl  >&5
conftest.c:63: warning: conflicting types for built-in function 'memmove'
configure:7580: $? = 0
configure:7602: result: yes
configure:7517: checking for memset
configure:7573: gcc -o conftest  -Os -Wall   conftest.c -ldl -ldl  >&5
conftest.c:64: warning: conflicting types for built-in function 'memset'
configure:7580: $? = 0
configure:7602: result: yes
configure:7517: checking for socket
configure:7573: gcc -o conftest  -Os -Wall   conftest.c -ldl -ldl  >&5
configure:7580: $? = 0
configure:7602: result: yes
configure:7517: checking for strrchr
configure:7573: gcc -o conftest  -Os -Wall   conftest.c -ldl -ldl  >&5
conftest.c:66: warning: conflicting types for built-in function 'strrchr'
configure:7580: $? = 0
configure:7602: result: yes
configure:7517: checking for setlocale
configure:7573: gcc -o conftest  -Os -Wall   conftest.c -ldl -ldl  >&5
configure:7580: $? = 0
configure:7602: result: yes
configure:7618: result: config result: host(linux-gnu) pcap(dyload) notify(yes) encode(yes) arp(yes) nls(yes)
configure:7745: creating ./config.status

## ---------------------- ##
## Running config.status. ##
## ---------------------- ##

This file was extended by mentohust config.status 0.3.1, which was
generated by GNU Autoconf 2.63.  Invocation command line was

  CONFIG_FILES    = 
  CONFIG_HEADERS  = 
  CONFIG_LINKS    = 
  CONFIG_COMMANDS = 
  $ ./config.status 

on nuoaila

config.status:836: creating Makefile
config.status:836: creating src/Makefile
config.status:836: creating po/Makefile.in
config.status:836: creating mentohust.spec
config.status:836: creating config.h
config.status:1058: config.h is unchanged
config.status:1110: executing depfiles commands
config.status:1110: executing po-directories commands

## ---------------- ##
## Cache variables. ##
## ---------------- ##

ac_cv_build=i686-pc-linux-gnu
ac_cv_c_bigendian=no
ac_cv_c_compiler_gnu=yes
ac_cv_env_CC_set=
ac_cv_env_CC_value=
ac_cv_env_CFLAGS_set=
ac_cv_env_CFLAGS_value=
ac_cv_env_CPPFLAGS_set=
ac_cv_env_CPPFLAGS_value=
ac_cv_env_CPP_set=
ac_cv_env_CPP_value=
ac_cv_env_LDFLAGS_set=
ac_cv_env_LDFLAGS_value=
ac_cv_env_LIBS_set=
ac_cv_env_LIBS_value=
ac_cv_env_build_alias_set=
ac_cv_env_build_alias_value=
ac_cv_env_host_alias_set=
ac_cv_env_host_alias_value=
ac_cv_env_target_alias_set=
ac_cv_env_target_alias_value=
ac_cv_func_atexit=yes
ac_cv_func_memmove=yes
ac_cv_func_memset=yes
ac_cv_func_setlocale=yes
ac_cv_func_socket=yes
ac_cv_func_strrchr=yes
ac_cv_header_arpa_inet_h=yes
ac_cv_header_fcntl_h=yes
ac_cv_header_iconv_h=yes
ac_cv_header_inttypes_h=yes
ac_cv_header_libintl_h=yes
ac_cv_header_locale_h=yes
ac_cv_header_memory_h=yes
ac_cv_header_netinet_in_h=yes
ac_cv_header_stdc=yes
ac_cv_header_stdint_h=yes
ac_cv_header_stdlib_h=yes
ac_cv_header_string_h=yes
ac_cv_header_strings_h=yes
ac_cv_header_sys_ioctl_h=yes
ac_cv_header_sys_socket_h=yes
ac_cv_header_sys_stat_h=yes
ac_cv_header_sys_time_h=yes
ac_cv_header_sys_types_h=yes
ac_cv_header_unistd_h=yes
ac_cv_host=i686-pc-linux-gnu
ac_cv_lib_dl_dlsym=yes
ac_cv_objext=o
ac_cv_path_EGREP='/bin/grep -E'
ac_cv_path_GMSGFMT=/usr/bin/msgfmt
ac_cv_path_GREP=/bin/grep
ac_cv_path_MSGFMT=/usr/bin/msgfmt
ac_cv_path_MSGMERGE=/usr/bin/msgmerge
ac_cv_path_XGETTEXT=/usr/bin/xgettext
ac_cv_path_install='/usr/bin/install -c'
ac_cv_path_mkdir=/bin/mkdir
ac_cv_prog_AWK=gawk
ac_cv_prog_CPP='gcc -E'
ac_cv_prog_ac_ct_CC=gcc
ac_cv_prog_cc_c89=
ac_cv_prog_cc_g=yes
ac_cv_prog_make_make_set=yes
ac_cv_type_size_t=yes
acl_cv_hardcode_direct=no
acl_cv_hardcode_libdir_flag_spec='${wl}-rpath ${wl}$libdir'
acl_cv_hardcode_libdir_separator=
acl_cv_hardcode_minus_L=no
acl_cv_libext=a
acl_cv_path_LD=/usr/bin/ld
acl_cv_prog_gnu_ld=yes
acl_cv_rpath=done
acl_cv_shlibext=so
acl_cv_wl=-Wl,
am_cv_CC_dependencies_compiler_type=gcc3
gt_cv_func_CFLocaleCopyCurrent=no
gt_cv_func_CFPreferencesCopyAppValue=no
gt_cv_func_gnugettext1_libc=yes

## ----------------- ##
## Output variables. ##
## ----------------- ##

ACLOCAL='${SHELL} /home/scr/.rt/lang/open/mentohust/missing --run aclocal-1.11'
AMDEPBACKSLASH='\'
AMDEP_FALSE='#'
AMDEP_TRUE=''
AMTAR='${SHELL} /home/scr/.rt/lang/open/mentohust/missing --run tar'
AM_BACKSLASH='\'
AM_DEFAULT_VERBOSITY='0'
AUTOCONF='${SHELL} /home/scr/.rt/lang/open/mentohust/missing --run autoconf'
AUTOHEADER='${SHELL} /home/scr/.rt/lang/open/mentohust/missing --run autoheader'
AUTOMAKE='${SHELL} /home/scr/.rt/lang/open/mentohust/missing --run automake-1.11'
AWK='gawk'
CC='gcc'
CCDEPMODE='depmode=gcc3'
CFLAGS=' -Os -Wall'
CPP='gcc -E'
CPPFLAGS=''
CYGPATH_W='echo'
DEFS='-DHAVE_CONFIG_H'
DEPDIR='.deps'
ECHO_C=''
ECHO_N='-n'
ECHO_T=''
EGREP='/bin/grep -E'
EXEEXT=''
GETTEXT_MACRO_VERSION='0.17'
GETTEXT_PACKAGE='mentohust'
GMSGFMT='/usr/bin/msgfmt'
GMSGFMT_015='/usr/bin/msgfmt'
GREP='/bin/grep'
INSTALL_DATA='${INSTALL} -m 644'
INSTALL_PROGRAM='${INSTALL}'
INSTALL_SCRIPT='${INSTALL}'
INSTALL_STRIP_PROGRAM='$(install_sh) -c -s'
INTLLIBS=''
INTL_MACOSX_LIBS=''
LDADD=''
LDFLAGS=''
LIBICONV='-liconv'
LIBINTL=''
LIBOBJS=''
LIBS='-ldl -ldl '
LTLIBICONV='-liconv'
LTLIBINTL=''
LTLIBOBJS=''
MAKEINFO='${SHELL} /home/scr/.rt/lang/open/mentohust/missing --run makeinfo'
MKDIR_P='/bin/mkdir -p'
MSGFMT='/usr/bin/msgfmt'
MSGFMT_015='/usr/bin/msgfmt'
MSGMERGE='/usr/bin/msgmerge'
OBJEXT='o'
PACKAGE='mentohust'
PACKAGE_BUGREPORT='http://code.google.com/p/mentohust/issues/list'
PACKAGE_NAME='mentohust'
PACKAGE_STRING='mentohust 0.3.1'
PACKAGE_TARNAME='mentohust'
PACKAGE_VERSION='0.3.1'
PATH_SEPARATOR=':'
POSUB='po'
SET_MAKE=''
SHELL='/bin/sh'
STRIP=''
USE_NLS='yes'
VERSION='0.3.1'
XGETTEXT='/usr/bin/xgettext'
XGETTEXT_015='/usr/bin/xgettext'
XGETTEXT_EXTRA_OPTIONS=''
ac_ct_CC='gcc'
am__EXEEXT_FALSE=''
am__EXEEXT_TRUE='#'
am__fastdepCC_FALSE='#'
am__fastdepCC_TRUE=''
am__include='include'
am__isrc=''
am__leading_dot='.'
am__quote=''
am__tar='${AMTAR} chof - "$$tardir"'
am__untar='${AMTAR} xf -'
bindir='${exec_prefix}/bin'
build='i686-pc-linux-gnu'
build_alias=''
build_cpu='i686'
build_os='linux-gnu'
build_vendor='pc'
datadir='${datarootdir}'
datarootdir='${prefix}/share'
docdir='${datarootdir}/doc/${PACKAGE_TARNAME}'
dvidir='${docdir}'
exec_prefix='${prefix}'
host='i686-pc-linux-gnu'
host_alias=''
host_cpu='i686'
host_os='linux-gnu'
host_vendor='pc'
htmldir='${docdir}'
includedir='${prefix}/include'
infodir='${datarootdir}/info'
install_sh='${SHELL} /home/scr/.rt/lang/open/mentohust/install-sh'
libdir='${exec_prefix}/lib'
libexecdir='${exec_prefix}/libexec'
localedir='${datarootdir}/locale'
localstatedir='${prefix}/var'
mandir='${datarootdir}/man'
mkdir_p='/bin/mkdir -p'
oldincludedir='/usr/include'
pdfdir='${docdir}'
prefix='/usr'
program_transform_name='s,x,x,'
psdir='${docdir}'
sbindir='${exec_prefix}/sbin'
sharedstatedir='${prefix}/com'
sysconfdir='${prefix}/etc'
target_alias=''

## ----------- ##
## confdefs.h. ##
## ----------- ##

#define PACKAGE_NAME "mentohust"
#define PACKAGE_TARNAME "mentohust"
#define PACKAGE_VERSION "0.3.1"
#define PACKAGE_STRING "mentohust 0.3.1"
#define PACKAGE_BUGREPORT "http://code.google.com/p/mentohust/issues/list"
#define PACKAGE "mentohust"
#define VERSION "0.3.1"
#define STDC_HEADERS 1
#define HAVE_SYS_TYPES_H 1
#define HAVE_SYS_STAT_H 1
#define HAVE_STDLIB_H 1
#define HAVE_STRING_H 1
#define HAVE_MEMORY_H 1
#define HAVE_STRINGS_H 1
#define HAVE_INTTYPES_H 1
#define HAVE_STDINT_H 1
#define HAVE_UNISTD_H 1
#define HAVE_LIBDL 1
#define HAVE_LIBDL 1
#define GETTEXT_PACKAGE "mentohust"
#define ENABLE_NLS 1
#define HAVE_GETTEXT 1
#define HAVE_DCGETTEXT 1
#define HAVE_ICONV_H 1
#define HAVE_ARPA_INET_H 1
#define HAVE_FCNTL_H 1
#define HAVE_NETINET_IN_H 1
#define HAVE_STDINT_H 1
#define HAVE_STDLIB_H 1
#define HAVE_STRING_H 1
#define HAVE_SYS_IOCTL_H 1
#define HAVE_SYS_SOCKET_H 1
#define HAVE_SYS_TIME_H 1
#define HAVE_UNISTD_H 1
#define HAVE_LIBINTL_H 1
#define HAVE_LOCALE_H 1
#define HAVE_ATEXIT 1
#define HAVE_MEMMOVE 1
#define HAVE_MEMSET 1
#define HAVE_SOCKET 1
#define HAVE_STRRCHR 1
#define HAVE_SETLOCALE 1

configure: exit 0
